<?xml version="1.0" encoding="UTF-8"?>
<!-- Generated by org.testng.reporters.JUnitXMLReporter -->
<testsuite ignored="0" hostname="LAPTOP-BQBHDNOI" failures="0" tests="3" name="Test" time="17.235" errors="0" timestamp="2026-03-25T14:51:31 IST">
  <testcase classname="testscript.ManageFooterTest" name="verifyTheUserIsAbleToUpdateManageFooterText" time="3.089"/>
  <testcase classname="testscript.HomeTest" name="verifyTheUserIsAbleToLogout" time="1.39"/>
  <testcase classname="testscript.ManageCategoryTest" name="verifyTheUserIsAbleToAccessAddCategoryPage" time="3.828"/>
</testsuite> <!-- Test -->
