<?xml version="1.0" encoding="UTF-8"?>
<!-- Generated by org.testng.reporters.JUnitXMLReporter -->
<testsuite ignored="0" hostname="LAPTOP-BQBHDNOI" failures="0" tests="6" name="chromeTest" time="20.391" errors="0" timestamp="2026-03-26T10:28:29 IST">
  <testcase classname="testscript.LoginTest" name="verifyTheUserIsAbleToLoginWithInValidPasswordAndInValidUsername" time="1.773"/>
  <testcase classname="testscript.LoginTest" name="verifyTheUserIsAbleToLoginWithInValidPasswordAndValidUsername" time="0.688"/>
  <testcase classname="testscript.LoginTest" name="verifyTheUserIsAbleToLoginWithValidCredentials" time="0.848"/>
  <testcase classname="testscript.LoginTest" name="verifyTheUserIsAbleToLoginWithValidPasswordAndInValidUsername" time="0.69"/>
  <testcase classname="testscript.ManageNewsTest" name="verifyTheUserIsAbleToAddNews" time="1.79"/>
  <testcase classname="testscript.HomeTest" name="verifyTheUserIsAbleToLogout" time="1.238"/>
</testsuite> <!-- chromeTest -->
