<?xml version="1.0" encoding="UTF-8"?>
<!-- Generated by org.testng.reporters.JUnitReportReporter -->
<testsuite hostname="LAPTOP-BQBHDNOI" failures="0" tests="4" name="testscript.LoginTest" time="13.862" errors="0" timestamp="2026-03-26T10:30:27 IST" skipped="0">
  <testcase classname="testscript.LoginTest" name="verifyTheUserIsAbleToLoginWithInValidPasswordAndInValidUsername" time="3.464"/>
  <testcase classname="testscript.LoginTest" name="verifyTheUserIsAbleToLoginWithValidCredentials" time="4.380"/>
  <testcase classname="testscript.LoginTest" name="verifyTheUserIsAbleToLoginWithInValidPasswordAndValidUsername" time="2.404"/>
  <testcase classname="testscript.LoginTest" name="verifyTheUserIsAbleToLoginWithValidPasswordAndInValidUsername" time="3.614"/>
</testsuite> <!-- testscript.LoginTest -->
