<?xml version="1.0" encoding="UTF-8"?>
<!-- Generated by org.testng.reporters.JUnitXMLReporter -->
<testsuite ignored="0" hostname="LAPTOP-BQBHDNOI" failures="0" tests="3" name="Test" time="15.162" errors="0" timestamp="2026-03-23T20:28:24 IST">
  <testcase classname="testscript.AdminUsersTest" name="verifyTheUserIsAbleToCreateNewAdmin" time="4.497"/>
  <testcase classname="testscript.ManageFooterTest" name="verifyTheUserIsAbleToUpdateManageFooterText" time="2.143"/>
  <testcase classname="testscript.HomeTest" name="verifyTheUserIsAbleToLogout" time="1.23"/>
</testsuite> <!-- Test -->
