<?xml version="1.0" encoding="UTF-8"?>
<!-- Generated by org.testng.reporters.JUnitXMLReporter -->
<testsuite ignored="0" hostname="LAPTOP-BQBHDNOI" failures="0" tests="2" name="Test" time="15.608" errors="0" timestamp="2026-03-26T10:05:52 IST">
  <testcase classname="testscript.ManageContactTest" name="verifyTheUserIsAbleToUpadteManageContact" time="5.305"/>
  <testcase classname="testscript.ManageCategoryTest" name="verifyTheUserIsAbleToAccessAddCategoryPage" time="3.854"/>
</testsuite> <!-- Test -->
