<?xml version="1.0" encoding="UTF-8"?>
<testng-results ignored="0" total="1" passed="1" failed="0" skipped="0">
  <reporter-output>
  </reporter-output>
  <suite started-at="2026-03-12T21:15:38 IST" name="Default suite" finished-at="2026-03-12T21:15:44 IST" duration-ms="6238">
    <groups>
    </groups>
    <test started-at="2026-03-12T21:15:38 IST" name="Default test" finished-at="2026-03-12T21:15:44 IST" duration-ms="6238">
      <class name="transcript.AdminUsersTest">
        <test-method is-config="true" signature="browserInitialization()[pri:0, instance:transcript.AdminUsersTest@49e53c76]" started-at="2026-03-12T21:15:38 IST" name="browserInitialization" finished-at="2026-03-12T21:15:40 IST" duration-ms="2487" status="PASS">
          <reporter-output>
          </reporter-output>
        </test-method> <!-- browserInitialization -->
        <test-method signature="verifyTheUserIsAbleToCreateNewAdmin()[pri:0, instance:transcript.AdminUsersTest@49e53c76]" started-at="2026-03-12T21:15:40 IST" name="verifyTheUserIsAbleToCreateNewAdmin" finished-at="2026-03-12T21:15:44 IST" duration-ms="3681" status="PASS">
          <reporter-output>
          </reporter-output>
        </test-method> <!-- verifyTheUserIsAbleToCreateNewAdmin -->
      </class> <!-- transcript.AdminUsersTest -->
    </test> <!-- Default test -->
  </suite> <!-- Default suite -->
</testng-results>
